<?xml version="1.0" encoding="UTF-8"?>
<testsuite xmlns:xsi="http://www.w3.org/2001/XMLSchema-instance" xsi:noNamespaceSchemaLocation="https://maven.apache.org/surefire/maven-surefire-plugin/xsd/surefire-test-report.xsd" name="hello.EurekaClientApplicationTests" time="13.685" tests="2" errors="2" skipped="0" failures="0">
  <properties>
[...]
</properties>
  <testcase name="hello.EurekaClientApplicationTests" classname="hello.EurekaClientApplicationTests" time="13.678">
    <error message="Connector configured to listen on port 8761 failed to start" type="org.springframework.boot.web.embedded.tomcat.ConnectorStartFailedException">org.springframework.boot.web.embedded.tomcat.ConnectorStartFailedException: Connector configured to listen on port 8761 failed to start
	at hello.EurekaClientApplicationTests.startEureka(EurekaClientApplicationTests.java:35)
</error>
    <system-out><![CDATA[15:26:40.830 [main] DEBUG org.springframework.test.context.junit4.SpringJUnit4ClassRunner - SpringJUnit4ClassRunner constructor called with [class hello.EurekaClientApplicationTests]
15:26:40.840 [main] DEBUG org.springframework.test.context.BootstrapUtils - Instantiating CacheAwareContextLoaderDelegate from class [org.springframework.test.context.cache.DefaultCacheAwareContextLoaderDelegate]
15:26:40.853 [main] DEBUG org.springframework.test.context.BootstrapUtils - Instantiating BootstrapContext using constructor [public org.springframework.test.context.support.DefaultBootstrapContext(java.lang.Class,org.springframework.test.context.CacheAwareContextLoaderDelegate)]
15:26:40.912 [main] DEBUG org.springframework.test.context.BootstrapUtils - Instantiating TestContextBootstrapper for test class [hello.EurekaClientApplicationTests] from class [org.springframework.boot.test.context.SpringBootTestContextBootstrapper]
15:26:40.931 [main] INFO org.springframework.boot.test.context.SpringBootTestContextBootstrapper - Neither @ContextConfiguration nor @ContextHierarchy found for test class [hello.EurekaClientApplicationTests], using SpringBootContextLoader
15:26:40.936 [main] DEBUG org.springframework.test.context.support.AbstractContextLoader - Did not detect default resource location for test class [hello.EurekaClientApplicationTests]: class path resource [hello/EurekaClientApplicationTests-context.xml] does not exist
15:26:40.936 [main] DEBUG org.springframework.test.context.support.AbstractContextLoader - Did not detect default resource location for test class [hello.EurekaClientApplicationTests]: class path resource [hello/EurekaClientApplicationTestsContext.groovy] does not exist
15:26:40.937 [main] INFO org.springframework.test.context.support.AbstractContextLoader - Could not detect default resource locations for test class [hello.EurekaClientApplicationTests]: no resource found for suffixes {-context.xml, Context.groovy}.
15:26:41.315 [main] DEBUG org.springframework.boot.test.context.SpringBootTestContextBootstrapper - @TestExecutionListeners is not present for class [hello.EurekaClientApplicationTests]: using defaults.
15:26:41.317 [main] INFO org.springframework.boot.test.context.SpringBootTestContextBootstrapper - Loaded default TestExecutionListener class names from location [META-INF/spring.factories]: [org.springframework.boot.test.mock.mockito.MockitoTestExecutionListener, org.springframework.boot.test.mock.mockito.ResetMocksTestExecutionListener, org.springframework.boot.test.autoconfigure.restdocs.RestDocsTestExecutionListener, org.springframework.boot.test.autoconfigure.web.client.MockRestServiceServerResetTestExecutionListener, org.springframework.boot.test.autoconfigure.web.servlet.MockMvcPrintOnlyOnFailureTestExecutionListener, org.springframework.boot.test.autoconfigure.web.servlet.WebDriverTestExecutionListener, org.springframework.test.context.web.ServletTestExecutionListener, org.springframework.test.context.support.DirtiesContextBeforeModesTestExecutionListener, org.springframework.test.context.support.DependencyInjectionTestExecutionListener, org.springframework.test.context.support.DirtiesContextTestExecutionListener, org.springframework.test.context.transaction.TransactionalTestExecutionListener, org.springframework.test.context.jdbc.SqlScriptsTestExecutionListener]
15:26:41.333 [main] DEBUG org.springframework.boot.test.context.SpringBootTestContextBootstrapper - Skipping candidate TestExecutionListener [org.springframework.test.context.transaction.TransactionalTestExecutionListener] due to a missing dependency. Specify custom listener classes or make the default listener classes and their required dependencies available. Offending class: [org/springframework/transaction/interceptor/TransactionAttributeSource]
15:26:41.334 [main] DEBUG org.springframework.boot.test.context.SpringBootTestContextBootstrapper - Skipping candidate TestExecutionListener [org.springframework.test.context.jdbc.SqlScriptsTestExecutionListener] due to a missing dependency. Specify custom listener classes or make the default listener classes and their required dependencies available. Offending class: [org/springframework/transaction/interceptor/TransactionAttribute]
15:26:41.335 [main] INFO org.springframework.boot.test.context.SpringBootTestContextBootstrapper - Using TestExecutionListeners: [org.springframework.test.context.web.ServletTestExecutionListener@1bb5a082, org.springframework.test.context.support.DirtiesContextBeforeModesTestExecutionListener@78691363, org.springframework.boot.test.mock.mockito.MockitoTestExecutionListener@41d477ed, org.springframework.boot.test.autoconfigure.SpringBootDependencyInjectionTestExecutionListener@3590fc5b, org.springframework.test.context.support.DirtiesContextTestExecutionListener@397fbdb, org.springframework.boot.test.mock.mockito.ResetMocksTestExecutionListener@33d512c1, org.springframework.boot.test.autoconfigure.restdocs.RestDocsTestExecutionListener@515c6049, org.springframework.boot.test.autoconfigure.web.client.MockRestServiceServerResetTestExecutionListener@639c2c1d, org.springframework.boot.test.autoconfigure.web.servlet.MockMvcPrintOnlyOnFailureTestExecutionListener@5fe94a96, org.springframework.boot.test.autoconfigure.web.servlet.WebDriverTestExecutionListener@443118b0]
15:26:41.338 [main] DEBUG org.springframework.test.annotation.ProfileValueUtils - Retrieved @ProfileValueSourceConfiguration [null] for test class [hello.EurekaClientApplicationTests]
15:26:41.340 [main] DEBUG org.springframework.test.annotation.ProfileValueUtils - Retrieved ProfileValueSource type [class org.springframework.test.annotation.SystemProfileValueSource] for class [hello.EurekaClientApplicationTests]
15:26:41.342 [main] DEBUG org.springframework.test.annotation.ProfileValueUtils - Retrieved @ProfileValueSourceConfiguration [null] for test class [hello.EurekaClientApplicationTests]
15:26:41.342 [main] DEBUG org.springframework.test.annotation.ProfileValueUtils - Retrieved ProfileValueSource type [class org.springframework.test.annotation.SystemProfileValueSource] for class [hello.EurekaClientApplicationTests]
15:26:41.343 [main] DEBUG org.springframework.test.annotation.ProfileValueUtils - Retrieved @ProfileValueSourceConfiguration [null] for test class [hello.EurekaClientApplicationTests]
15:26:41.344 [main] DEBUG org.springframework.test.annotation.ProfileValueUtils - Retrieved ProfileValueSource type [class org.springframework.test.annotation.SystemProfileValueSource] for class [hello.EurekaClientApplicationTests]
15:26:41.354 [main] DEBUG org.springframework.test.context.support.AbstractDirtiesContextTestExecutionListener - Before test class: context [DefaultTestContext@38425407 testClass = EurekaClientApplicationTests, testInstance = [null], testMethod = [null], testException = [null], mergedContextConfiguration = [WebMergedContextConfiguration@43bc63a3 testClass = EurekaClientApplicationTests, locations = '{}', classes = '{class hello.EurekaClientApplication, class hello.EurekaClientApplication}', contextInitializerClasses = '[]', activeProfiles = '{test}', propertySourceLocations = '{}', propertySourceProperties = '{org.springframework.boot.test.context.SpringBootTestContextBootstrapper=true, server.port=0}', contextCustomizers = set[org.springframework.boot.test.context.filter.ExcludeFilterContextCustomizer@6eceb130, org.springframework.boot.test.json.DuplicateJsonObjectContextCustomizerFactory$DuplicateJsonObjectContextCustomizer@47db50c5, org.springframework.boot.test.mock.mockito.MockitoContextCustomizer@0, org.springframework.boot.test.web.client.TestRestTemplateContextCustomizer@7a36aefa, org.springframework.boot.test.autoconfigure.properties.PropertyMappingContextCustomizer@0, org.springframework.boot.test.autoconfigure.web.servlet.WebDriverContextCustomizerFactory$Customizer@15b3e5b], resourceBasePath = 'src/main/webapp', contextLoader = 'org.springframework.boot.test.context.SpringBootContextLoader', parent = [null]], attributes = map['org.springframework.test.context.web.ServletTestExecutionListener.activateListener' -> false]], class annotated with @DirtiesContext [false] with mode [null].
2019-08-30 15:26:42.806  INFO 47614 --- [           main] trationDelegate$BeanPostProcessorChecker : Bean 'configurationPropertiesRebinderAutoConfiguration' of type [org.springframework.cloud.autoconfigure.ConfigurationPropertiesRebinderAutoConfiguration$$EnhancerBySpringCGLIB$$6de81311] is not eligible for getting processed by all BeanPostProcessors (for example: not eligible for auto-proxying)

  .   ____          _            __ _ _
 /\\ / ___'_ __ _ _(_)_ __  __ _ \ \ \ \
( ( )\___ | '_ | '_| | '_ \/ _` | \ \ \ \
 \\/  ___)| |_)| | | | | || (_| |  ) ) ) )
  '  |____| .__|_| |_|_| |_\__, | / / / /
 =========|_|==============|___/=/_/_/_/
 :: Spring Boot ::        (v2.1.6.RELEASE)

2019-08-30 15:26:43.234  INFO 47614 --- [           main] o.a.maven.surefire.booter.ForkedBooter   : No active profile set, falling back to default profiles: default
2019-08-30 15:26:44.797  WARN 47614 --- [           main] o.s.boot.actuate.endpoint.EndpointId     : Endpoint ID 'service-registry' contains invalid characters, please migrate to a valid format.
2019-08-30 15:26:45.526  INFO 47614 --- [           main] o.s.cloud.context.scope.GenericScope     : BeanFactory id=ab6a608d-c717-3ac5-a407-315935486983
2019-08-30 15:26:45.753  INFO 47614 --- [           main] trationDelegate$BeanPostProcessorChecker : Bean 'org.springframework.cloud.autoconfigure.ConfigurationPropertiesRebinderAutoConfiguration' of type [org.springframework.cloud.autoconfigure.ConfigurationPropertiesRebinderAutoConfiguration$$EnhancerBySpringCGLIB$$6de81311] is not eligible for getting processed by all BeanPostProcessors (for example: not eligible for auto-proxying)
2019-08-30 15:26:46.515  INFO 47614 --- [           main] o.s.b.w.embedded.tomcat.TomcatWebServer  : Tomcat initialized with port(s): 8761 (http)
2019-08-30 15:26:46.615  INFO 47614 --- [           main] o.apache.catalina.core.StandardService   : Starting service [Tomcat]
2019-08-30 15:26:46.616  INFO 47614 --- [           main] org.apache.catalina.core.StandardEngine  : Starting Servlet engine: [Apache Tomcat/9.0.21]
2019-08-30 15:26:46.912  INFO 47614 --- [           main] o.a.c.c.C.[Tomcat].[localhost].[/]       : Initializing Spring embedded WebApplicationContext
2019-08-30 15:26:46.913  INFO 47614 --- [           main] o.s.web.context.ContextLoader            : Root WebApplicationContext: initialization completed in 3672 ms
2019-08-30 15:26:47.182  WARN 47614 --- [           main] c.n.c.sources.URLConfigurationSource     : No URLs will be polled as dynamic configuration sources.
2019-08-30 15:26:47.183  INFO 47614 --- [           main] c.n.c.sources.URLConfigurationSource     : To enable URLs as dynamic configuration sources, define System property archaius.configurationSource.additionalUrls or make config.properties available on classpath.
2019-08-30 15:26:47.208  INFO 47614 --- [           main] c.netflix.config.DynamicPropertyFactory  : DynamicPropertyFactory is initialized with configuration sources: com.netflix.config.ConcurrentCompositeConfiguration@1b7332a7
2019-08-30 15:26:48.769  INFO 47614 --- [           main] c.s.j.s.i.a.WebApplicationImpl           : Initiating Jersey application, version 'Jersey: 1.19.1 03/11/2016 02:08 PM'
2019-08-30 15:26:48.921  INFO 47614 --- [           main] c.n.d.provider.DiscoveryJerseyProvider   : Using JSON encoding codec LegacyJacksonJson
2019-08-30 15:26:48.924  INFO 47614 --- [           main] c.n.d.provider.DiscoveryJerseyProvider   : Using JSON decoding codec LegacyJacksonJson
2019-08-30 15:26:49.199  INFO 47614 --- [           main] c.n.d.provider.DiscoveryJerseyProvider   : Using XML encoding codec XStreamXml
2019-08-30 15:26:49.199  INFO 47614 --- [           main] c.n.d.provider.DiscoveryJerseyProvider   : Using XML decoding codec XStreamXml
2019-08-30 15:26:50.226  WARN 47614 --- [           main] c.n.c.sources.URLConfigurationSource     : No URLs will be polled as dynamic configuration sources.
2019-08-30 15:26:50.227  INFO 47614 --- [           main] c.n.c.sources.URLConfigurationSource     : To enable URLs as dynamic configuration sources, define System property archaius.configurationSource.additionalUrls or make config.properties available on classpath.
2019-08-30 15:26:50.598  INFO 47614 --- [           main] o.s.s.concurrent.ThreadPoolTaskExecutor  : Initializing ExecutorService 'applicationTaskExecutor'
2019-08-30 15:26:51.639  INFO 47614 --- [           main] o.s.c.n.eureka.InstanceInfoFactory       : Setting initial instance status as: STARTING
2019-08-30 15:26:51.732  INFO 47614 --- [           main] com.netflix.discovery.DiscoveryClient    : Initializing Eureka in region us-east-1
2019-08-30 15:26:52.167  INFO 47614 --- [           main] c.n.d.provider.DiscoveryJerseyProvider   : Using JSON encoding codec LegacyJacksonJson
2019-08-30 15:26:52.168  INFO 47614 --- [           main] c.n.d.provider.DiscoveryJerseyProvider   : Using JSON decoding codec LegacyJacksonJson
2019-08-30 15:26:52.168  INFO 47614 --- [           main] c.n.d.provider.DiscoveryJerseyProvider   : Using XML encoding codec XStreamXml
2019-08-30 15:26:52.168  INFO 47614 --- [           main] c.n.d.provider.DiscoveryJerseyProvider   : Using XML decoding codec XStreamXml
2019-08-30 15:26:52.410  INFO 47614 --- [           main] c.n.d.s.r.aws.ConfigClusterResolver      : Resolving eureka endpoints via configuration
2019-08-30 15:26:52.458  INFO 47614 --- [           main] com.netflix.discovery.DiscoveryClient    : Disable delta property : false
2019-08-30 15:26:52.458  INFO 47614 --- [           main] com.netflix.discovery.DiscoveryClient    : Single vip registry refresh property : null
2019-08-30 15:26:52.458  INFO 47614 --- [           main] com.netflix.discovery.DiscoveryClient    : Force full registry fetch : false
2019-08-30 15:26:52.458  INFO 47614 --- [           main] com.netflix.discovery.DiscoveryClient    : Application is null : false
2019-08-30 15:26:52.459  INFO 47614 --- [           main] com.netflix.discovery.DiscoveryClient    : Registered Applications size is zero : true
2019-08-30 15:26:52.462  INFO 47614 --- [           main] com.netflix.discovery.DiscoveryClient    : Application version is -1: true
2019-08-30 15:26:52.463  INFO 47614 --- [           main] com.netflix.discovery.DiscoveryClient    : Getting all instance registry info from the eureka server
2019-08-30 15:26:52.948  INFO 47614 --- [           main] com.netflix.discovery.DiscoveryClient    : The response status is 200
2019-08-30 15:26:52.967  INFO 47614 --- [           main] com.netflix.discovery.DiscoveryClient    : Starting heartbeat executor: renew interval is: 1
2019-08-30 15:26:52.973  INFO 47614 --- [           main] c.n.discovery.InstanceInfoReplicator     : InstanceInfoReplicator onDemand update allowed rate per min is 4
2019-08-30 15:26:52.990  INFO 47614 --- [           main] com.netflix.discovery.DiscoveryClient    : Discovery Client initialized at timestamp 1567150012986 with initial instances count: 1
2019-08-30 15:26:53.099  INFO 47614 --- [           main] c.n.eureka.DefaultEurekaServerContext    : Initializing ...
2019-08-30 15:26:53.103  INFO 47614 --- [           main] c.n.eureka.cluster.PeerEurekaNodes       : Adding new peer nodes [http://localhost:8761/eureka/]
2019-08-30 15:26:53.120  INFO 47614 --- [           main] c.n.d.provider.DiscoveryJerseyProvider   : Using JSON encoding codec LegacyJacksonJson
2019-08-30 15:26:53.121  INFO 47614 --- [           main] c.n.d.provider.DiscoveryJerseyProvider   : Using JSON decoding codec LegacyJacksonJson
2019-08-30 15:26:53.121  INFO 47614 --- [           main] c.n.d.provider.DiscoveryJerseyProvider   : Using XML encoding codec XStreamXml
2019-08-30 15:26:53.121  INFO 47614 --- [           main] c.n.d.provider.DiscoveryJerseyProvider   : Using XML decoding codec XStreamXml
2019-08-30 15:26:53.422  INFO 47614 --- [           main] c.n.eureka.cluster.PeerEurekaNodes       : Replica node URL:  http://localhost:8761/eureka/
2019-08-30 15:26:53.438  INFO 47614 --- [           main] c.n.e.registry.AbstractInstanceRegistry  : Finished initializing remote region registries. All known remote regions: []
2019-08-30 15:26:53.440  INFO 47614 --- [           main] c.n.eureka.DefaultEurekaServerContext    : Initialized
2019-08-30 15:26:53.490  INFO 47614 --- [           main] o.s.b.a.e.web.EndpointLinksResolver      : Exposing 2 endpoint(s) beneath base path '/actuator'
2019-08-30 15:26:53.737  INFO 47614 --- [           main] o.s.c.n.e.s.EurekaServiceRegistry        : Registering application A-BOOTIFUL-CLIENT with eureka with status UP
2019-08-30 15:26:53.738  INFO 47614 --- [           main] com.netflix.discovery.DiscoveryClient    : Saw local status change event StatusChangeEvent [timestamp=1567150013738, current=UP, previous=STARTING]
2019-08-30 15:26:53.746  INFO 47614 --- [nfoReplicator-0] com.netflix.discovery.DiscoveryClient    : DiscoveryClient_A-BOOTIFUL-CLIENT/dongshaemacbook:a-bootiful-client:8761: registering service...
2019-08-30 15:26:53.788  INFO 47614 --- [      Thread-12] o.s.c.n.e.server.EurekaServerBootstrap   : Setting the eureka configuration..
2019-08-30 15:26:53.789  INFO 47614 --- [      Thread-12] o.s.c.n.e.server.EurekaServerBootstrap   : Eureka data center value eureka.datacenter is not set, defaulting to default
2019-08-30 15:26:53.791  INFO 47614 --- [      Thread-12] o.s.c.n.e.server.EurekaServerBootstrap   : Eureka environment value eureka.environment is not set, defaulting to test
2019-08-30 15:26:53.855  INFO 47614 --- [      Thread-12] o.s.c.n.e.server.EurekaServerBootstrap   : isAws returned false
2019-08-30 15:26:53.856  INFO 47614 --- [      Thread-12] o.s.c.n.e.server.EurekaServerBootstrap   : Initialized server context
2019-08-30 15:26:53.920  INFO 47614 --- [nfoReplicator-0] com.netflix.discovery.DiscoveryClient    : DiscoveryClient_A-BOOTIFUL-CLIENT/dongshaemacbook:a-bootiful-client:8761 - registration status: 204
2019-08-30 15:26:54.055 ERROR 47614 --- [           main] org.apache.catalina.util.LifecycleBase   : Failed to start component [Connector[HTTP/1.1-8761]]

org.apache.catalina.LifecycleException: Protocol handler start failed
	at org.apache.catalina.connector.Connector.startInternal(Connector.java:1008) ~[tomcat-embed-core-9.0.21.jar:9.0.21]
	at org.apache.catalina.util.LifecycleBase.start(LifecycleBase.java:183) ~[tomcat-embed-core-9.0.21.jar:9.0.21]
	at org.apache.catalina.core.StandardService.addConnector(StandardService.java:227) [tomcat-embed-core-9.0.21.jar:9.0.21]
	at org.springframework.boot.web.embedded.tomcat.TomcatWebServer.addPreviouslyRemovedConnectors(TomcatWebServer.java:263) [spring-boot-2.1.6.RELEASE.jar:2.1.6.RELEASE]
	at org.springframework.boot.web.embedded.tomcat.TomcatWebServer.start(TomcatWebServer.java:195) [spring-boot-2.1.6.RELEASE.jar:2.1.6.RELEASE]
	at org.springframework.boot.web.servlet.context.ServletWebServerApplicationContext.startWebServer(ServletWebServerApplicationContext.java:296) [spring-boot-2.1.6.RELEASE.jar:2.1.6.RELEASE]
	at org.springframework.boot.web.servlet.context.ServletWebServerApplicationContext.finishRefresh(ServletWebServerApplicationContext.java:162) [spring-boot-2.1.6.RELEASE.jar:2.1.6.RELEASE]
	at org.springframework.context.support.AbstractApplicationContext.refresh(AbstractApplicationContext.java:552) [spring-context-5.1.8.RELEASE.jar:5.1.8.RELEASE]
	at org.springframework.boot.web.servlet.context.ServletWebServerApplicationContext.refresh(ServletWebServerApplicationContext.java:140) [spring-boot-2.1.6.RELEASE.jar:2.1.6.RELEASE]
	at org.springframework.boot.SpringApplication.refresh(SpringApplication.java:742) [spring-boot-2.1.6.RELEASE.jar:2.1.6.RELEASE]
	at org.springframework.boot.SpringApplication.refreshContext(SpringApplication.java:389) [spring-boot-2.1.6.RELEASE.jar:2.1.6.RELEASE]
	at org.springframework.boot.SpringApplication.run(SpringApplication.java:311) [spring-boot-2.1.6.RELEASE.jar:2.1.6.RELEASE]
	at org.springframework.boot.SpringApplication.run(SpringApplication.java:1213) [spring-boot-2.1.6.RELEASE.jar:2.1.6.RELEASE]
	at org.springframework.boot.SpringApplication.run(SpringApplication.java:1202) [spring-boot-2.1.6.RELEASE.jar:2.1.6.RELEASE]
	at hello.EurekaClientApplicationTests.startEureka(EurekaClientApplicationTests.java:35) [test-classes/:na]
	at sun.reflect.NativeMethodAccessorImpl.invoke0(Native Method) ~[na:1.8.0_144]
	at sun.reflect.NativeMethodAccessorImpl.invoke(NativeMethodAccessorImpl.java:62) ~[na:1.8.0_144]
	at sun.reflect.DelegatingMethodAccessorImpl.invoke(DelegatingMethodAccessorImpl.java:43) ~[na:1.8.0_144]
	at java.lang.reflect.Method.invoke(Method.java:498) ~[na:1.8.0_144]
	at org.junit.runners.model.FrameworkMethod$1.runReflectiveCall(FrameworkMethod.java:50) [junit-4.12.jar:4.12]
	at org.junit.internal.runners.model.ReflectiveCallable.run(ReflectiveCallable.java:12) [junit-4.12.jar:4.12]
	at org.junit.runners.model.FrameworkMethod.invokeExplosively(FrameworkMethod.java:47) [junit-4.12.jar:4.12]
	at org.junit.internal.runners.statements.RunBefores.evaluate(RunBefores.java:24) [junit-4.12.jar:4.12]
	at org.springframework.test.context.junit4.statements.RunBeforeTestClassCallbacks.evaluate(RunBeforeTestClassCallbacks.java:61) [spring-test-5.1.8.RELEASE.jar:5.1.8.RELEASE]
	at org.junit.internal.runners.statements.RunAfters.evaluate(RunAfters.java:27) [junit-4.12.jar:4.12]
	at org.springframework.test.context.junit4.statements.RunAfterTestClassCallbacks.evaluate(RunAfterTestClassCallbacks.java:70) [spring-test-5.1.8.RELEASE.jar:5.1.8.RELEASE]
	at org.junit.runners.ParentRunner.run(ParentRunner.java:363) [junit-4.12.jar:4.12]
	at org.springframework.test.context.junit4.SpringJUnit4ClassRunner.run(SpringJUnit4ClassRunner.java:190) [spring-test-5.1.8.RELEASE.jar:5.1.8.RELEASE]
	at org.apache.maven.surefire.junit4.JUnit4Provider.execute(JUnit4Provider.java:365) [surefire-junit4-2.22.2.jar:2.22.2]
	at org.apache.maven.surefire.junit4.JUnit4Provider.executeWithRerun(JUnit4Provider.java:273) [surefire-junit4-2.22.2.jar:2.22.2]
	at org.apache.maven.surefire.junit4.JUnit4Provider.executeTestSet(JUnit4Provider.java:238) [surefire-junit4-2.22.2.jar:2.22.2]
	at org.apache.maven.surefire.junit4.JUnit4Provider.invoke(JUnit4Provider.java:159) [surefire-junit4-2.22.2.jar:2.22.2]
	at org.apache.maven.surefire.booter.ForkedBooter.invokeProviderInSameClassLoader(ForkedBooter.java:384) [surefire-booter-2.22.2.jar:2.22.2]
	at org.apache.maven.surefire.booter.ForkedBooter.runSuitesInProcess(ForkedBooter.java:345) [surefire-booter-2.22.2.jar:2.22.2]
	at org.apache.maven.surefire.booter.ForkedBooter.execute(ForkedBooter.java:126) [surefire-booter-2.22.2.jar:2.22.2]
	at org.apache.maven.surefire.booter.ForkedBooter.main(ForkedBooter.java:418) [surefire-booter-2.22.2.jar:2.22.2]
Caused by: java.net.BindException: Address already in use
	at sun.nio.ch.Net.bind0(Native Method) ~[na:1.8.0_144]
	at sun.nio.ch.Net.bind(Net.java:433) ~[na:1.8.0_144]
	at sun.nio.ch.Net.bind(Net.java:425) ~[na:1.8.0_144]
	at sun.nio.ch.ServerSocketChannelImpl.bind(ServerSocketChannelImpl.java:223) ~[na:1.8.0_144]
	at sun.nio.ch.ServerSocketAdaptor.bind(ServerSocketAdaptor.java:74) ~[na:1.8.0_144]
	at org.apache.tomcat.util.net.NioEndpoint.initServerSocket(NioEndpoint.java:230) ~[tomcat-embed-core-9.0.21.jar:9.0.21]
	at org.apache.tomcat.util.net.NioEndpoint.bind(NioEndpoint.java:213) ~[tomcat-embed-core-9.0.21.jar:9.0.21]
	at org.apache.tomcat.util.net.AbstractEndpoint.bindWithCleanup(AbstractEndpoint.java:1124) ~[tomcat-embed-core-9.0.21.jar:9.0.21]
	at org.apache.tomcat.util.net.AbstractEndpoint.start(AbstractEndpoint.java:1210) ~[tomcat-embed-core-9.0.21.jar:9.0.21]
	at org.apache.coyote.AbstractProtocol.start(AbstractProtocol.java:585) ~[tomcat-embed-core-9.0.21.jar:9.0.21]
	at org.apache.catalina.connector.Connector.startInternal(Connector.java:1005) ~[tomcat-embed-core-9.0.21.jar:9.0.21]
	... 35 common frames omitted

2019-08-30 15:26:54.067  INFO 47614 --- [           main] o.apache.catalina.core.StandardService   : Stopping service [Tomcat]
2019-08-30 15:26:54.079  WARN 47614 --- [           main] o.a.c.loader.WebappClassLoaderBase       : The web application [ROOT] appears to have started a thread named [spring.cloud.inetutils] but has failed to stop it. This is very likely to create a memory leak. Stack trace of thread:
 sun.misc.Unsafe.park(Native Method)
 java.util.concurrent.locks.LockSupport.park(LockSupport.java:175)
 java.util.concurrent.locks.AbstractQueuedSynchronizer$ConditionObject.await(AbstractQueuedSynchronizer.java:2039)
 java.util.concurrent.LinkedBlockingQueue.take(LinkedBlockingQueue.java:442)
 java.util.concurrent.ThreadPoolExecutor.getTask(ThreadPoolExecutor.java:1074)
 java.util.concurrent.ThreadPoolExecutor.runWorker(ThreadPoolExecutor.java:1134)
 java.util.concurrent.ThreadPoolExecutor$Worker.run(ThreadPoolExecutor.java:624)
 java.lang.Thread.run(Thread.java:748)
2019-08-30 15:26:54.093  INFO 47614 --- [           main] ConditionEvaluationReportLoggingListener : 

Error starting ApplicationContext. To display the conditions report re-run your application with 'debug' enabled.
2019-08-30 15:26:54.107 ERROR 47614 --- [           main] o.s.b.d.LoggingFailureAnalysisReporter   : 

***************************
APPLICATION FAILED TO START
***************************

Description:

The Tomcat connector configured to listen on port 8761 failed to start. The port may already be in use or the connector may be misconfigured.

Action:

Verify the connector's configuration, identify and stop any process that's listening on port 8761, or configure this application to listen on another port.

2019-08-30 15:26:54.120  INFO 47614 --- [           main] o.s.c.n.e.s.EurekaServiceRegistry        : Unregistering application A-BOOTIFUL-CLIENT with eureka with status DOWN
2019-08-30 15:26:54.121  WARN 47614 --- [           main] com.netflix.discovery.DiscoveryClient    : Saw local status change event StatusChangeEvent [timestamp=1567150014121, current=DOWN, previous=UP]
2019-08-30 15:26:54.121  INFO 47614 --- [nfoReplicator-0] com.netflix.discovery.DiscoveryClient    : DiscoveryClient_A-BOOTIFUL-CLIENT/dongshaemacbook:a-bootiful-client:8761: registering service...
2019-08-30 15:26:54.122  INFO 47614 --- [           main] c.n.eureka.DefaultEurekaServerContext    : Shutting down ...
2019-08-30 15:26:54.150  INFO 47614 --- [nfoReplicator-0] com.netflix.discovery.DiscoveryClient    : DiscoveryClient_A-BOOTIFUL-CLIENT/dongshaemacbook:a-bootiful-client:8761 - registration status: 204
2019-08-30 15:26:54.168  INFO 47614 --- [           main] c.n.eureka.DefaultEurekaServerContext    : Shut down
2019-08-30 15:26:54.175  INFO 47614 --- [           main] o.s.s.concurrent.ThreadPoolTaskExecutor  : Shutting down ExecutorService 'applicationTaskExecutor'
2019-08-30 15:26:54.194  INFO 47614 --- [           main] com.netflix.discovery.DiscoveryClient    : Shutting down DiscoveryClient ...
2019-08-30 15:26:54.208  WARN 47614 --- [           main] .s.c.a.CommonAnnotationBeanPostProcessor : Destroy method on bean with name 'scopedTarget.eurekaClient' threw an exception: org.springframework.beans.factory.BeanCreationNotAllowedException: Error creating bean with name 'eurekaInstanceConfigBean': Singleton bean creation not allowed while singletons of this factory are in destruction (Do not request a bean from a BeanFactory in a destroy method implementation!)
]]></system-out>
  </testcase>
  <testcase name="hello.EurekaClientApplicationTests" classname="hello.EurekaClientApplicationTests" time="13.683">
    <error type="java.lang.NullPointerException">java.lang.NullPointerException
	at hello.EurekaClientApplicationTests.closeEureka(EurekaClientApplicationTests.java:42)
</error>
  </testcase>
</testsuite>